2012/06/21 12:15:35 [error] [php] Trying to get property of non-object (E:\Xampp\htdocs\DEV_PROJECT\ELEARNING\CODE\protected\models\News.php:165)
Stack trace:
#0 E:\Xampp\htdocs\DEV_PROJECT\ELEARNING\CODE\protected\models\News.php(290): News->__get()
#1 E:\Xampp\htdocs\DEV_PROJECT\ELEARNING\CODE\framework\base\CComponent.php(607) : eval()'d code(1): News->__get()
#2 E:\Xampp\htdocs\DEV_PROJECT\ELEARNING\CODE\framework\base\CComponent.php(607): eval()
#3 E:\Xampp\htdocs\DEV_PROJECT\ELEARNING\CODE\framework\zii\widgets\grid\CDataColumn.php(139): CDataColumn->evaluateExpression()
#4 E:\Xampp\htdocs\DEV_PROJECT\ELEARNING\CODE\framework\zii\widgets\grid\CGridColumn.php(138): CDataColumn->renderDataCellContent()
#5 E:\Xampp\htdocs\DEV_PROJECT\ELEARNING\CODE\framework\zii\widgets\grid\CGridView.php(517): CDataColumn->renderDataCell()
#6 E:\Xampp\htdocs\DEV_PROJECT\ELEARNING\CODE\framework\zii\widgets\grid\CGridView.php(490): iPhoenixGridView->renderTableRow()
#7 E:\Xampp\htdocs\DEV_PROJECT\ELEARNING\CODE\framework\zii\widgets\grid\CGridView.php(400): iPhoenixGridView->renderTableBody()
#8 E:\Xampp\htdocs\DEV_PROJECT\ELEARNING\CODE\framework\zii\widgets\CBaseListView.php(158): iPhoenixGridView->renderItems()
#9 unknown(0): iPhoenixGridView->renderSection()
#10 E:\Xampp\htdocs\DEV_PROJECT\ELEARNING\CODE\framework\zii\widgets\CBaseListView.php(141): preg_replace_callback()
#11 E:\Xampp\htdocs\DEV_PROJECT\ELEARNING\CODE\framework\zii\widgets\CBaseListView.php(126): iPhoenixGridView->renderContent()
#12 E:\Xampp\htdocs\DEV_PROJECT\ELEARNING\CODE\framework\web\CBaseController.php(174): iPhoenixGridView->run()
#13 E:\Xampp\htdocs\DEV_PROJECT\ELEARNING\CODE\themes\basic\views\news\index.php(209): NewsController->widget()
#14 E:\Xampp\htdocs\DEV_PROJECT\ELEARNING\CODE\framework\web\CBaseController.php(127): require()
#15 E:\Xampp\htdocs\DEV_PROJECT\ELEARNING\CODE\framework\web\CBaseController.php(96): NewsController->renderInternal()
#16 E:\Xampp\htdocs\DEV_PROJECT\ELEARNING\CODE\framework\web\CController.php(870): NewsController->renderFile()
#17 E:\Xampp\htdocs\DEV_PROJECT\ELEARNING\CODE\framework\web\CController.php(783): NewsController->renderPartial()
#18 E:\Xampp\htdocs\DEV_PROJECT\ELEARNING\CODE\protected\controllers\NewsController.php(292): NewsController->render()
#19 E:\Xampp\htdocs\DEV_PROJECT\ELEARNING\CODE\framework\web\actions\CInlineAction.php(50): NewsController->actionIndex()
#20 E:\Xampp\htdocs\DEV_PROJECT\ELEARNING\CODE\framework\web\CController.php(309): CInlineAction->runWithParams()
#21 E:\Xampp\htdocs\DEV_PROJECT\ELEARNING\CODE\framework\web\filters\CFilterChain.php(134): NewsController->runAction()
#22 E:\Xampp\htdocs\DEV_PROJECT\ELEARNING\CODE\framework\web\filters\CFilter.php(41): CFilterChain->run()
#23 E:\Xampp\htdocs\DEV_PROJECT\ELEARNING\CODE\framework\web\CController.php(1146): CAccessControlFilter->filter()
#24 E:\Xampp\htdocs\DEV_PROJECT\ELEARNING\CODE\framework\web\filters\CInlineFilter.php(59): NewsController->filterAccessControl()
#25 E:\Xampp\htdocs\DEV_PROJECT\ELEARNING\CODE\framework\web\filters\CFilterChain.php(131): CInlineFilter->filter()
#26 E:\Xampp\htdocs\DEV_PROJECT\ELEARNING\CODE\framework\web\CController.php(292): CFilterChain->run()
#27 E:\Xampp\htdocs\DEV_PROJECT\ELEARNING\CODE\framework\web\CController.php(266): NewsController->runActionWithFilters()
#28 E:\Xampp\htdocs\DEV_PROJECT\ELEARNING\CODE\framework\web\CWebApplication.php(276): NewsController->run()
#29 E:\Xampp\htdocs\DEV_PROJECT\ELEARNING\CODE\framework\web\CWebApplication.php(135): CWebApplication->runController()
#30 E:\Xampp\htdocs\DEV_PROJECT\ELEARNING\CODE\framework\base\CApplication.php(162): CWebApplication->processRequest()
#31 E:\Xampp\htdocs\DEV_PROJECT\ELEARNING\CODE\index.php(17): CWebApplication->run()
REQUEST_URI=/DEV_PROJECT/ELEARNING/CODE/index.php?r=news/index
in E:\Xampp\htdocs\DEV_PROJECT\ELEARNING\CODE\protected\models\News.php (165)
in E:\Xampp\htdocs\DEV_PROJECT\ELEARNING\CODE\protected\models\News.php (290)
in E:\Xampp\htdocs\DEV_PROJECT\ELEARNING\CODE\themes\basic\views\news\index.php (209)
2012/06/21 12:16:42 [error] [php] Trying to get property of non-object (E:\Xampp\htdocs\DEV_PROJECT\ELEARNING\CODE\protected\models\News.php:165)
Stack trace:
#0 E:\Xampp\htdocs\DEV_PROJECT\ELEARNING\CODE\protected\models\News.php(290): News->__get()
#1 E:\Xampp\htdocs\DEV_PROJECT\ELEARNING\CODE\framework\base\CComponent.php(607) : eval()'d code(1): News->__get()
#2 E:\Xampp\htdocs\DEV_PROJECT\ELEARNING\CODE\framework\base\CComponent.php(607): eval()
#3 E:\Xampp\htdocs\DEV_PROJECT\ELEARNING\CODE\framework\zii\widgets\grid\CDataColumn.php(139): CDataColumn->evaluateExpression()
#4 E:\Xampp\htdocs\DEV_PROJECT\ELEARNING\CODE\framework\zii\widgets\grid\CGridColumn.php(138): CDataColumn->renderDataCellContent()
#5 E:\Xampp\htdocs\DEV_PROJECT\ELEARNING\CODE\framework\zii\widgets\grid\CGridView.php(517): CDataColumn->renderDataCell()
#6 E:\Xampp\htdocs\DEV_PROJECT\ELEARNING\CODE\framework\zii\widgets\grid\CGridView.php(490): iPhoenixGridView->renderTableRow()
#7 E:\Xampp\htdocs\DEV_PROJECT\ELEARNING\CODE\framework\zii\widgets\grid\CGridView.php(400): iPhoenixGridView->renderTableBody()
#8 E:\Xampp\htdocs\DEV_PROJECT\ELEARNING\CODE\framework\zii\widgets\CBaseListView.php(158): iPhoenixGridView->renderItems()
#9 unknown(0): iPhoenixGridView->renderSection()
#10 E:\Xampp\htdocs\DEV_PROJECT\ELEARNING\CODE\framework\zii\widgets\CBaseListView.php(141): preg_replace_callback()
#11 E:\Xampp\htdocs\DEV_PROJECT\ELEARNING\CODE\framework\zii\widgets\CBaseListView.php(126): iPhoenixGridView->renderContent()
#12 E:\Xampp\htdocs\DEV_PROJECT\ELEARNING\CODE\framework\web\CBaseController.php(174): iPhoenixGridView->run()
#13 E:\Xampp\htdocs\DEV_PROJECT\ELEARNING\CODE\themes\basic\views\news\index.php(209): NewsController->widget()
#14 E:\Xampp\htdocs\DEV_PROJECT\ELEARNING\CODE\framework\web\CBaseController.php(127): require()
#15 E:\Xampp\htdocs\DEV_PROJECT\ELEARNING\CODE\framework\web\CBaseController.php(96): NewsController->renderInternal()
#16 E:\Xampp\htdocs\DEV_PROJECT\ELEARNING\CODE\framework\web\CController.php(870): NewsController->renderFile()
#17 E:\Xampp\htdocs\DEV_PROJECT\ELEARNING\CODE\framework\web\CController.php(783): NewsController->renderPartial()
#18 E:\Xampp\htdocs\DEV_PROJECT\ELEARNING\CODE\protected\controllers\NewsController.php(292): NewsController->render()
#19 E:\Xampp\htdocs\DEV_PROJECT\ELEARNING\CODE\framework\web\actions\CInlineAction.php(50): NewsController->actionIndex()
#20 E:\Xampp\htdocs\DEV_PROJECT\ELEARNING\CODE\framework\web\CController.php(309): CInlineAction->runWithParams()
#21 E:\Xampp\htdocs\DEV_PROJECT\ELEARNING\CODE\framework\web\filters\CFilterChain.php(134): NewsController->runAction()
#22 E:\Xampp\htdocs\DEV_PROJECT\ELEARNING\CODE\framework\web\filters\CFilter.php(41): CFilterChain->run()
#23 E:\Xampp\htdocs\DEV_PROJECT\ELEARNING\CODE\framework\web\CController.php(1146): CAccessControlFilter->filter()
#24 E:\Xampp\htdocs\DEV_PROJECT\ELEARNING\CODE\framework\web\filters\CInlineFilter.php(59): NewsController->filterAccessControl()
#25 E:\Xampp\htdocs\DEV_PROJECT\ELEARNING\CODE\framework\web\filters\CFilterChain.php(131): CInlineFilter->filter()
#26 E:\Xampp\htdocs\DEV_PROJECT\ELEARNING\CODE\framework\web\CController.php(292): CFilterChain->run()
#27 E:\Xampp\htdocs\DEV_PROJECT\ELEARNING\CODE\framework\web\CController.php(266): NewsController->runActionWithFilters()
#28 E:\Xampp\htdocs\DEV_PROJECT\ELEARNING\CODE\framework\web\CWebApplication.php(276): NewsController->run()
#29 E:\Xampp\htdocs\DEV_PROJECT\ELEARNING\CODE\framework\web\CWebApplication.php(135): CWebApplication->runController()
#30 E:\Xampp\htdocs\DEV_PROJECT\ELEARNING\CODE\framework\base\CApplication.php(162): CWebApplication->processRequest()
#31 E:\Xampp\htdocs\DEV_PROJECT\ELEARNING\CODE\index.php(17): CWebApplication->run()
REQUEST_URI=/DEV_PROJECT/ELEARNING/CODE/index.php?r=news/index
in E:\Xampp\htdocs\DEV_PROJECT\ELEARNING\CODE\protected\models\News.php (165)
in E:\Xampp\htdocs\DEV_PROJECT\ELEARNING\CODE\protected\models\News.php (290)
in E:\Xampp\htdocs\DEV_PROJECT\ELEARNING\CODE\themes\basic\views\news\index.php (209)
2012/06/21 12:19:07 [error] [php] Trying to get property of non-object (E:\Xampp\htdocs\DEV_PROJECT\ELEARNING\CODE\protected\models\News.php:165)
Stack trace:
#0 E:\Xampp\htdocs\DEV_PROJECT\ELEARNING\CODE\protected\models\News.php(290): News->__get()
#1 E:\Xampp\htdocs\DEV_PROJECT\ELEARNING\CODE\framework\base\CComponent.php(607) : eval()'d code(1): News->__get()
#2 E:\Xampp\htdocs\DEV_PROJECT\ELEARNING\CODE\framework\base\CComponent.php(607): eval()
#3 E:\Xampp\htdocs\DEV_PROJECT\ELEARNING\CODE\framework\zii\widgets\grid\CDataColumn.php(139): CDataColumn->evaluateExpression()
#4 E:\Xampp\htdocs\DEV_PROJECT\ELEARNING\CODE\framework\zii\widgets\grid\CGridColumn.php(138): CDataColumn->renderDataCellContent()
#5 E:\Xampp\htdocs\DEV_PROJECT\ELEARNING\CODE\framework\zii\widgets\grid\CGridView.php(517): CDataColumn->renderDataCell()
#6 E:\Xampp\htdocs\DEV_PROJECT\ELEARNING\CODE\framework\zii\widgets\grid\CGridView.php(490): iPhoenixGridView->renderTableRow()
#7 E:\Xampp\htdocs\DEV_PROJECT\ELEARNING\CODE\framework\zii\widgets\grid\CGridView.php(400): iPhoenixGridView->renderTableBody()
#8 E:\Xampp\htdocs\DEV_PROJECT\ELEARNING\CODE\framework\zii\widgets\CBaseListView.php(158): iPhoenixGridView->renderItems()
#9 unknown(0): iPhoenixGridView->renderSection()
#10 E:\Xampp\htdocs\DEV_PROJECT\ELEARNING\CODE\framework\zii\widgets\CBaseListView.php(141): preg_replace_callback()
#11 E:\Xampp\htdocs\DEV_PROJECT\ELEARNING\CODE\framework\zii\widgets\CBaseListView.php(126): iPhoenixGridView->renderContent()
#12 E:\Xampp\htdocs\DEV_PROJECT\ELEARNING\CODE\framework\web\CBaseController.php(174): iPhoenixGridView->run()
#13 E:\Xampp\htdocs\DEV_PROJECT\ELEARNING\CODE\themes\basic\views\news\index.php(209): NewsController->widget()
#14 E:\Xampp\htdocs\DEV_PROJECT\ELEARNING\CODE\framework\web\CBaseController.php(127): require()
#15 E:\Xampp\htdocs\DEV_PROJECT\ELEARNING\CODE\framework\web\CBaseController.php(96): NewsController->renderInternal()
#16 E:\Xampp\htdocs\DEV_PROJECT\ELEARNING\CODE\framework\web\CController.php(870): NewsController->renderFile()
#17 E:\Xampp\htdocs\DEV_PROJECT\ELEARNING\CODE\framework\web\CController.php(783): NewsController->renderPartial()
#18 E:\Xampp\htdocs\DEV_PROJECT\ELEARNING\CODE\protected\controllers\NewsController.php(292): NewsController->render()
#19 E:\Xampp\htdocs\DEV_PROJECT\ELEARNING\CODE\framework\web\actions\CInlineAction.php(50): NewsController->actionIndex()
#20 E:\Xampp\htdocs\DEV_PROJECT\ELEARNING\CODE\framework\web\CController.php(309): CInlineAction->runWithParams()
#21 E:\Xampp\htdocs\DEV_PROJECT\ELEARNING\CODE\framework\web\filters\CFilterChain.php(134): NewsController->runAction()
#22 E:\Xampp\htdocs\DEV_PROJECT\ELEARNING\CODE\framework\web\filters\CFilter.php(41): CFilterChain->run()
#23 E:\Xampp\htdocs\DEV_PROJECT\ELEARNING\CODE\framework\web\CController.php(1146): CAccessControlFilter->filter()
#24 E:\Xampp\htdocs\DEV_PROJECT\ELEARNING\CODE\framework\web\filters\CInlineFilter.php(59): NewsController->filterAccessControl()
#25 E:\Xampp\htdocs\DEV_PROJECT\ELEARNING\CODE\framework\web\filters\CFilterChain.php(131): CInlineFilter->filter()
#26 E:\Xampp\htdocs\DEV_PROJECT\ELEARNING\CODE\framework\web\CController.php(292): CFilterChain->run()
#27 E:\Xampp\htdocs\DEV_PROJECT\ELEARNING\CODE\framework\web\CController.php(266): NewsController->runActionWithFilters()
#28 E:\Xampp\htdocs\DEV_PROJECT\ELEARNING\CODE\framework\web\CWebApplication.php(276): NewsController->run()
#29 E:\Xampp\htdocs\DEV_PROJECT\ELEARNING\CODE\framework\web\CWebApplication.php(135): CWebApplication->runController()
#30 E:\Xampp\htdocs\DEV_PROJECT\ELEARNING\CODE\framework\base\CApplication.php(162): CWebApplication->processRequest()
#31 E:\Xampp\htdocs\DEV_PROJECT\ELEARNING\CODE\index.php(17): CWebApplication->run()
REQUEST_URI=/DEV_PROJECT/ELEARNING/CODE/index.php?r=news/index
in E:\Xampp\htdocs\DEV_PROJECT\ELEARNING\CODE\protected\models\News.php (165)
in E:\Xampp\htdocs\DEV_PROJECT\ELEARNING\CODE\protected\models\News.php (290)
in E:\Xampp\htdocs\DEV_PROJECT\ELEARNING\CODE\themes\basic\views\news\index.php (209)
2012/06/21 12:19:13 [error] [php] Trying to get property of non-object (E:\Xampp\htdocs\DEV_PROJECT\ELEARNING\CODE\protected\models\News.php:165)
Stack trace:
#0 E:\Xampp\htdocs\DEV_PROJECT\ELEARNING\CODE\protected\models\News.php(290): News->__get()
#1 E:\Xampp\htdocs\DEV_PROJECT\ELEARNING\CODE\framework\base\CComponent.php(607) : eval()'d code(1): News->__get()
#2 E:\Xampp\htdocs\DEV_PROJECT\ELEARNING\CODE\framework\base\CComponent.php(607): eval()
#3 E:\Xampp\htdocs\DEV_PROJECT\ELEARNING\CODE\framework\zii\widgets\grid\CDataColumn.php(139): CDataColumn->evaluateExpression()
#4 E:\Xampp\htdocs\DEV_PROJECT\ELEARNING\CODE\framework\zii\widgets\grid\CGridColumn.php(138): CDataColumn->renderDataCellContent()
#5 E:\Xampp\htdocs\DEV_PROJECT\ELEARNING\CODE\framework\zii\widgets\grid\CGridView.php(517): CDataColumn->renderDataCell()
#6 E:\Xampp\htdocs\DEV_PROJECT\ELEARNING\CODE\framework\zii\widgets\grid\CGridView.php(490): iPhoenixGridView->renderTableRow()
#7 E:\Xampp\htdocs\DEV_PROJECT\ELEARNING\CODE\framework\zii\widgets\grid\CGridView.php(400): iPhoenixGridView->renderTableBody()
#8 E:\Xampp\htdocs\DEV_PROJECT\ELEARNING\CODE\framework\zii\widgets\CBaseListView.php(158): iPhoenixGridView->renderItems()
#9 unknown(0): iPhoenixGridView->renderSection()
#10 E:\Xampp\htdocs\DEV_PROJECT\ELEARNING\CODE\framework\zii\widgets\CBaseListView.php(141): preg_replace_callback()
#11 E:\Xampp\htdocs\DEV_PROJECT\ELEARNING\CODE\framework\zii\widgets\CBaseListView.php(126): iPhoenixGridView->renderContent()
#12 E:\Xampp\htdocs\DEV_PROJECT\ELEARNING\CODE\framework\web\CBaseController.php(174): iPhoenixGridView->run()
#13 E:\Xampp\htdocs\DEV_PROJECT\ELEARNING\CODE\themes\basic\views\news\index.php(209): NewsController->widget()
#14 E:\Xampp\htdocs\DEV_PROJECT\ELEARNING\CODE\framework\web\CBaseController.php(127): require()
#15 E:\Xampp\htdocs\DEV_PROJECT\ELEARNING\CODE\framework\web\CBaseController.php(96): NewsController->renderInternal()
#16 E:\Xampp\htdocs\DEV_PROJECT\ELEARNING\CODE\framework\web\CController.php(870): NewsController->renderFile()
#17 E:\Xampp\htdocs\DEV_PROJECT\ELEARNING\CODE\framework\web\CController.php(783): NewsController->renderPartial()
#18 E:\Xampp\htdocs\DEV_PROJECT\ELEARNING\CODE\protected\controllers\NewsController.php(292): NewsController->render()
#19 E:\Xampp\htdocs\DEV_PROJECT\ELEARNING\CODE\framework\web\actions\CInlineAction.php(50): NewsController->actionIndex()
#20 E:\Xampp\htdocs\DEV_PROJECT\ELEARNING\CODE\framework\web\CController.php(309): CInlineAction->runWithParams()
#21 E:\Xampp\htdocs\DEV_PROJECT\ELEARNING\CODE\framework\web\filters\CFilterChain.php(134): NewsController->runAction()
#22 E:\Xampp\htdocs\DEV_PROJECT\ELEARNING\CODE\framework\web\filters\CFilter.php(41): CFilterChain->run()
#23 E:\Xampp\htdocs\DEV_PROJECT\ELEARNING\CODE\framework\web\CController.php(1146): CAccessControlFilter->filter()
#24 E:\Xampp\htdocs\DEV_PROJECT\ELEARNING\CODE\framework\web\filters\CInlineFilter.php(59): NewsController->filterAccessControl()
#25 E:\Xampp\htdocs\DEV_PROJECT\ELEARNING\CODE\framework\web\filters\CFilterChain.php(131): CInlineFilter->filter()
#26 E:\Xampp\htdocs\DEV_PROJECT\ELEARNING\CODE\framework\web\CController.php(292): CFilterChain->run()
#27 E:\Xampp\htdocs\DEV_PROJECT\ELEARNING\CODE\framework\web\CController.php(266): NewsController->runActionWithFilters()
#28 E:\Xampp\htdocs\DEV_PROJECT\ELEARNING\CODE\framework\web\CWebApplication.php(276): NewsController->run()
#29 E:\Xampp\htdocs\DEV_PROJECT\ELEARNING\CODE\framework\web\CWebApplication.php(135): CWebApplication->runController()
#30 E:\Xampp\htdocs\DEV_PROJECT\ELEARNING\CODE\framework\base\CApplication.php(162): CWebApplication->processRequest()
#31 E:\Xampp\htdocs\DEV_PROJECT\ELEARNING\CODE\index.php(17): CWebApplication->run()
REQUEST_URI=/DEV_PROJECT/ELEARNING/CODE/index.php?r=news/index
in E:\Xampp\htdocs\DEV_PROJECT\ELEARNING\CODE\protected\models\News.php (165)
in E:\Xampp\htdocs\DEV_PROJECT\ELEARNING\CODE\protected\models\News.php (290)
in E:\Xampp\htdocs\DEV_PROJECT\ELEARNING\CODE\themes\basic\views\news\index.php (209)
2012/06/21 12:19:15 [error] [php] Trying to get property of non-object (E:\Xampp\htdocs\DEV_PROJECT\ELEARNING\CODE\protected\models\News.php:165)
Stack trace:
#0 E:\Xampp\htdocs\DEV_PROJECT\ELEARNING\CODE\protected\models\News.php(290): News->__get()
#1 E:\Xampp\htdocs\DEV_PROJECT\ELEARNING\CODE\framework\base\CComponent.php(607) : eval()'d code(1): News->__get()
#2 E:\Xampp\htdocs\DEV_PROJECT\ELEARNING\CODE\framework\base\CComponent.php(607): eval()
#3 E:\Xampp\htdocs\DEV_PROJECT\ELEARNING\CODE\framework\zii\widgets\grid\CDataColumn.php(139): CDataColumn->evaluateExpression()
#4 E:\Xampp\htdocs\DEV_PROJECT\ELEARNING\CODE\framework\zii\widgets\grid\CGridColumn.php(138): CDataColumn->renderDataCellContent()
#5 E:\Xampp\htdocs\DEV_PROJECT\ELEARNING\CODE\framework\zii\widgets\grid\CGridView.php(517): CDataColumn->renderDataCell()
#6 E:\Xampp\htdocs\DEV_PROJECT\ELEARNING\CODE\framework\zii\widgets\grid\CGridView.php(490): iPhoenixGridView->renderTableRow()
#7 E:\Xampp\htdocs\DEV_PROJECT\ELEARNING\CODE\framework\zii\widgets\grid\CGridView.php(400): iPhoenixGridView->renderTableBody()
#8 E:\Xampp\htdocs\DEV_PROJECT\ELEARNING\CODE\framework\zii\widgets\CBaseListView.php(158): iPhoenixGridView->renderItems()
#9 unknown(0): iPhoenixGridView->renderSection()
#10 E:\Xampp\htdocs\DEV_PROJECT\ELEARNING\CODE\framework\zii\widgets\CBaseListView.php(141): preg_replace_callback()
#11 E:\Xampp\htdocs\DEV_PROJECT\ELEARNING\CODE\framework\zii\widgets\CBaseListView.php(126): iPhoenixGridView->renderContent()
#12 E:\Xampp\htdocs\DEV_PROJECT\ELEARNING\CODE\framework\web\CBaseController.php(174): iPhoenixGridView->run()
#13 E:\Xampp\htdocs\DEV_PROJECT\ELEARNING\CODE\themes\basic\views\news\index.php(209): NewsController->widget()
#14 E:\Xampp\htdocs\DEV_PROJECT\ELEARNING\CODE\framework\web\CBaseController.php(127): require()
#15 E:\Xampp\htdocs\DEV_PROJECT\ELEARNING\CODE\framework\web\CBaseController.php(96): NewsController->renderInternal()
#16 E:\Xampp\htdocs\DEV_PROJECT\ELEARNING\CODE\framework\web\CController.php(870): NewsController->renderFile()
#17 E:\Xampp\htdocs\DEV_PROJECT\ELEARNING\CODE\framework\web\CController.php(783): NewsController->renderPartial()
#18 E:\Xampp\htdocs\DEV_PROJECT\ELEARNING\CODE\protected\controllers\NewsController.php(292): NewsController->render()
#19 E:\Xampp\htdocs\DEV_PROJECT\ELEARNING\CODE\framework\web\actions\CInlineAction.php(50): NewsController->actionIndex()
#20 E:\Xampp\htdocs\DEV_PROJECT\ELEARNING\CODE\framework\web\CController.php(309): CInlineAction->runWithParams()
#21 E:\Xampp\htdocs\DEV_PROJECT\ELEARNING\CODE\framework\web\filters\CFilterChain.php(134): NewsController->runAction()
#22 E:\Xampp\htdocs\DEV_PROJECT\ELEARNING\CODE\framework\web\filters\CFilter.php(41): CFilterChain->run()
#23 E:\Xampp\htdocs\DEV_PROJECT\ELEARNING\CODE\framework\web\CController.php(1146): CAccessControlFilter->filter()
#24 E:\Xampp\htdocs\DEV_PROJECT\ELEARNING\CODE\framework\web\filters\CInlineFilter.php(59): NewsController->filterAccessControl()
#25 E:\Xampp\htdocs\DEV_PROJECT\ELEARNING\CODE\framework\web\filters\CFilterChain.php(131): CInlineFilter->filter()
#26 E:\Xampp\htdocs\DEV_PROJECT\ELEARNING\CODE\framework\web\CController.php(292): CFilterChain->run()
#27 E:\Xampp\htdocs\DEV_PROJECT\ELEARNING\CODE\framework\web\CController.php(266): NewsController->runActionWithFilters()
#28 E:\Xampp\htdocs\DEV_PROJECT\ELEARNING\CODE\framework\web\CWebApplication.php(276): NewsController->run()
#29 E:\Xampp\htdocs\DEV_PROJECT\ELEARNING\CODE\framework\web\CWebApplication.php(135): CWebApplication->runController()
#30 E:\Xampp\htdocs\DEV_PROJECT\ELEARNING\CODE\framework\base\CApplication.php(162): CWebApplication->processRequest()
#31 E:\Xampp\htdocs\DEV_PROJECT\ELEARNING\CODE\index.php(17): CWebApplication->run()
REQUEST_URI=/DEV_PROJECT/ELEARNING/CODE/index.php?r=news/index
in E:\Xampp\htdocs\DEV_PROJECT\ELEARNING\CODE\protected\models\News.php (165)
in E:\Xampp\htdocs\DEV_PROJECT\ELEARNING\CODE\protected\models\News.php (290)
in E:\Xampp\htdocs\DEV_PROJECT\ELEARNING\CODE\themes\basic\views\news\index.php (209)
2012/06/21 12:21:40 [error] [php] Trying to get property of non-object (E:\Xampp\htdocs\DEV_PROJECT\ELEARNING\CODE\protected\models\News.php:165)
Stack trace:
#0 E:\Xampp\htdocs\DEV_PROJECT\ELEARNING\CODE\protected\models\News.php(290): News->__get()
#1 E:\Xampp\htdocs\DEV_PROJECT\ELEARNING\CODE\framework\base\CComponent.php(607) : eval()'d code(1): News->__get()
#2 E:\Xampp\htdocs\DEV_PROJECT\ELEARNING\CODE\framework\base\CComponent.php(607): eval()
#3 E:\Xampp\htdocs\DEV_PROJECT\ELEARNING\CODE\framework\zii\widgets\grid\CDataColumn.php(139): CDataColumn->evaluateExpression()
#4 E:\Xampp\htdocs\DEV_PROJECT\ELEARNING\CODE\framework\zii\widgets\grid\CGridColumn.php(138): CDataColumn->renderDataCellContent()
#5 E:\Xampp\htdocs\DEV_PROJECT\ELEARNING\CODE\framework\zii\widgets\grid\CGridView.php(517): CDataColumn->renderDataCell()
#6 E:\Xampp\htdocs\DEV_PROJECT\ELEARNING\CODE\framework\zii\widgets\grid\CGridView.php(490): iPhoenixGridView->renderTableRow()
#7 E:\Xampp\htdocs\DEV_PROJECT\ELEARNING\CODE\framework\zii\widgets\grid\CGridView.php(400): iPhoenixGridView->renderTableBody()
#8 E:\Xampp\htdocs\DEV_PROJECT\ELEARNING\CODE\framework\zii\widgets\CBaseListView.php(158): iPhoenixGridView->renderItems()
#9 unknown(0): iPhoenixGridView->renderSection()
#10 E:\Xampp\htdocs\DEV_PROJECT\ELEARNING\CODE\framework\zii\widgets\CBaseListView.php(141): preg_replace_callback()
#11 E:\Xampp\htdocs\DEV_PROJECT\ELEARNING\CODE\framework\zii\widgets\CBaseListView.php(126): iPhoenixGridView->renderContent()
#12 E:\Xampp\htdocs\DEV_PROJECT\ELEARNING\CODE\framework\web\CBaseController.php(174): iPhoenixGridView->run()
#13 E:\Xampp\htdocs\DEV_PROJECT\ELEARNING\CODE\themes\basic\views\news\index.php(209): NewsController->widget()
#14 E:\Xampp\htdocs\DEV_PROJECT\ELEARNING\CODE\framework\web\CBaseController.php(127): require()
#15 E:\Xampp\htdocs\DEV_PROJECT\ELEARNING\CODE\framework\web\CBaseController.php(96): NewsController->renderInternal()
#16 E:\Xampp\htdocs\DEV_PROJECT\ELEARNING\CODE\framework\web\CController.php(870): NewsController->renderFile()
#17 E:\Xampp\htdocs\DEV_PROJECT\ELEARNING\CODE\framework\web\CController.php(783): NewsController->renderPartial()
#18 E:\Xampp\htdocs\DEV_PROJECT\ELEARNING\CODE\protected\controllers\NewsController.php(292): NewsController->render()
#19 E:\Xampp\htdocs\DEV_PROJECT\ELEARNING\CODE\framework\web\actions\CInlineAction.php(50): NewsController->actionIndex()
#20 E:\Xampp\htdocs\DEV_PROJECT\ELEARNING\CODE\framework\web\CController.php(309): CInlineAction->runWithParams()
#21 E:\Xampp\htdocs\DEV_PROJECT\ELEARNING\CODE\framework\web\filters\CFilterChain.php(134): NewsController->runAction()
#22 E:\Xampp\htdocs\DEV_PROJECT\ELEARNING\CODE\framework\web\filters\CFilter.php(41): CFilterChain->run()
#23 E:\Xampp\htdocs\DEV_PROJECT\ELEARNING\CODE\framework\web\CController.php(1146): CAccessControlFilter->filter()
#24 E:\Xampp\htdocs\DEV_PROJECT\ELEARNING\CODE\framework\web\filters\CInlineFilter.php(59): NewsController->filterAccessControl()
#25 E:\Xampp\htdocs\DEV_PROJECT\ELEARNING\CODE\framework\web\filters\CFilterChain.php(131): CInlineFilter->filter()
#26 E:\Xampp\htdocs\DEV_PROJECT\ELEARNING\CODE\framework\web\CController.php(292): CFilterChain->run()
#27 E:\Xampp\htdocs\DEV_PROJECT\ELEARNING\CODE\framework\web\CController.php(266): NewsController->runActionWithFilters()
#28 E:\Xampp\htdocs\DEV_PROJECT\ELEARNING\CODE\framework\web\CWebApplication.php(276): NewsController->run()
#29 E:\Xampp\htdocs\DEV_PROJECT\ELEARNING\CODE\framework\web\CWebApplication.php(135): CWebApplication->runController()
#30 E:\Xampp\htdocs\DEV_PROJECT\ELEARNING\CODE\framework\base\CApplication.php(162): CWebApplication->processRequest()
#31 E:\Xampp\htdocs\DEV_PROJECT\ELEARNING\CODE\index.php(17): CWebApplication->run()
REQUEST_URI=/DEV_PROJECT/ELEARNING/CODE/index.php?r=news/index
in E:\Xampp\htdocs\DEV_PROJECT\ELEARNING\CODE\protected\models\News.php (165)
in E:\Xampp\htdocs\DEV_PROJECT\ELEARNING\CODE\protected\models\News.php (290)
in E:\Xampp\htdocs\DEV_PROJECT\ELEARNING\CODE\themes\basic\views\news\index.php (209)
2012/06/21 12:21:51 [error] [php] Trying to get property of non-object (E:\Xampp\htdocs\DEV_PROJECT\ELEARNING\CODE\protected\models\News.php:165)
Stack trace:
#0 E:\Xampp\htdocs\DEV_PROJECT\ELEARNING\CODE\protected\models\News.php(290): News->__get()
#1 E:\Xampp\htdocs\DEV_PROJECT\ELEARNING\CODE\framework\base\CComponent.php(607) : eval()'d code(1): News->__get()
#2 E:\Xampp\htdocs\DEV_PROJECT\ELEARNING\CODE\framework\base\CComponent.php(607): eval()
#3 E:\Xampp\htdocs\DEV_PROJECT\ELEARNING\CODE\framework\zii\widgets\grid\CDataColumn.php(139): CDataColumn->evaluateExpression()
#4 E:\Xampp\htdocs\DEV_PROJECT\ELEARNING\CODE\framework\zii\widgets\grid\CGridColumn.php(138): CDataColumn->renderDataCellContent()
#5 E:\Xampp\htdocs\DEV_PROJECT\ELEARNING\CODE\framework\zii\widgets\grid\CGridView.php(517): CDataColumn->renderDataCell()
#6 E:\Xampp\htdocs\DEV_PROJECT\ELEARNING\CODE\framework\zii\widgets\grid\CGridView.php(490): iPhoenixGridView->renderTableRow()
#7 E:\Xampp\htdocs\DEV_PROJECT\ELEARNING\CODE\framework\zii\widgets\grid\CGridView.php(400): iPhoenixGridView->renderTableBody()
#8 E:\Xampp\htdocs\DEV_PROJECT\ELEARNING\CODE\framework\zii\widgets\CBaseListView.php(158): iPhoenixGridView->renderItems()
#9 unknown(0): iPhoenixGridView->renderSection()
#10 E:\Xampp\htdocs\DEV_PROJECT\ELEARNING\CODE\framework\zii\widgets\CBaseListView.php(141): preg_replace_callback()
#11 E:\Xampp\htdocs\DEV_PROJECT\ELEARNING\CODE\framework\zii\widgets\CBaseListView.php(126): iPhoenixGridView->renderContent()
#12 E:\Xampp\htdocs\DEV_PROJECT\ELEARNING\CODE\framework\web\CBaseController.php(174): iPhoenixGridView->run()
#13 E:\Xampp\htdocs\DEV_PROJECT\ELEARNING\CODE\themes\basic\views\news\index.php(209): NewsController->widget()
#14 E:\Xampp\htdocs\DEV_PROJECT\ELEARNING\CODE\framework\web\CBaseController.php(127): require()
#15 E:\Xampp\htdocs\DEV_PROJECT\ELEARNING\CODE\framework\web\CBaseController.php(96): NewsController->renderInternal()
#16 E:\Xampp\htdocs\DEV_PROJECT\ELEARNING\CODE\framework\web\CController.php(870): NewsController->renderFile()
#17 E:\Xampp\htdocs\DEV_PROJECT\ELEARNING\CODE\framework\web\CController.php(783): NewsController->renderPartial()
#18 E:\Xampp\htdocs\DEV_PROJECT\ELEARNING\CODE\protected\controllers\NewsController.php(292): NewsController->render()
#19 E:\Xampp\htdocs\DEV_PROJECT\ELEARNING\CODE\framework\web\actions\CInlineAction.php(50): NewsController->actionIndex()
#20 E:\Xampp\htdocs\DEV_PROJECT\ELEARNING\CODE\framework\web\CController.php(309): CInlineAction->runWithParams()
#21 E:\Xampp\htdocs\DEV_PROJECT\ELEARNING\CODE\framework\web\filters\CFilterChain.php(134): NewsController->runAction()
#22 E:\Xampp\htdocs\DEV_PROJECT\ELEARNING\CODE\framework\web\filters\CFilter.php(41): CFilterChain->run()
#23 E:\Xampp\htdocs\DEV_PROJECT\ELEARNING\CODE\framework\web\CController.php(1146): CAccessControlFilter->filter()
#24 E:\Xampp\htdocs\DEV_PROJECT\ELEARNING\CODE\framework\web\filters\CInlineFilter.php(59): NewsController->filterAccessControl()
#25 E:\Xampp\htdocs\DEV_PROJECT\ELEARNING\CODE\framework\web\filters\CFilterChain.php(131): CInlineFilter->filter()
#26 E:\Xampp\htdocs\DEV_PROJECT\ELEARNING\CODE\framework\web\CController.php(292): CFilterChain->run()
#27 E:\Xampp\htdocs\DEV_PROJECT\ELEARNING\CODE\framework\web\CController.php(266): NewsController->runActionWithFilters()
#28 E:\Xampp\htdocs\DEV_PROJECT\ELEARNING\CODE\framework\web\CWebApplication.php(276): NewsController->run()
#29 E:\Xampp\htdocs\DEV_PROJECT\ELEARNING\CODE\framework\web\CWebApplication.php(135): CWebApplication->runController()
#30 E:\Xampp\htdocs\DEV_PROJECT\ELEARNING\CODE\framework\base\CApplication.php(162): CWebApplication->processRequest()
#31 E:\Xampp\htdocs\DEV_PROJECT\ELEARNING\CODE\index.php(17): CWebApplication->run()
REQUEST_URI=/DEV_PROJECT/ELEARNING/CODE/index.php?r=news/index
in E:\Xampp\htdocs\DEV_PROJECT\ELEARNING\CODE\protected\models\News.php (165)
in E:\Xampp\htdocs\DEV_PROJECT\ELEARNING\CODE\protected\models\News.php (290)
in E:\Xampp\htdocs\DEV_PROJECT\ELEARNING\CODE\themes\basic\views\news\index.php (209)
2012/06/21 12:22:27 [error] [php] Trying to get property of non-object (E:\Xampp\htdocs\DEV_PROJECT\ELEARNING\CODE\protected\models\News.php:165)
Stack trace:
#0 E:\Xampp\htdocs\DEV_PROJECT\ELEARNING\CODE\protected\models\News.php(290): News->__get()
#1 E:\Xampp\htdocs\DEV_PROJECT\ELEARNING\CODE\framework\base\CComponent.php(607) : eval()'d code(1): News->__get()
#2 E:\Xampp\htdocs\DEV_PROJECT\ELEARNING\CODE\framework\base\CComponent.php(607): eval()
#3 E:\Xampp\htdocs\DEV_PROJECT\ELEARNING\CODE\framework\zii\widgets\grid\CDataColumn.php(139): CDataColumn->evaluateExpression()
#4 E:\Xampp\htdocs\DEV_PROJECT\ELEARNING\CODE\framework\zii\widgets\grid\CGridColumn.php(138): CDataColumn->renderDataCellContent()
#5 E:\Xampp\htdocs\DEV_PROJECT\ELEARNING\CODE\framework\zii\widgets\grid\CGridView.php(517): CDataColumn->renderDataCell()
#6 E:\Xampp\htdocs\DEV_PROJECT\ELEARNING\CODE\framework\zii\widgets\grid\CGridView.php(490): iPhoenixGridView->renderTableRow()
#7 E:\Xampp\htdocs\DEV_PROJECT\ELEARNING\CODE\framework\zii\widgets\grid\CGridView.php(400): iPhoenixGridView->renderTableBody()
#8 E:\Xampp\htdocs\DEV_PROJECT\ELEARNING\CODE\framework\zii\widgets\CBaseListView.php(158): iPhoenixGridView->renderItems()
#9 unknown(0): iPhoenixGridView->renderSection()
#10 E:\Xampp\htdocs\DEV_PROJECT\ELEARNING\CODE\framework\zii\widgets\CBaseListView.php(141): preg_replace_callback()
#11 E:\Xampp\htdocs\DEV_PROJECT\ELEARNING\CODE\framework\zii\widgets\CBaseListView.php(126): iPhoenixGridView->renderContent()
#12 E:\Xampp\htdocs\DEV_PROJECT\ELEARNING\CODE\framework\web\CBaseController.php(174): iPhoenixGridView->run()
#13 E:\Xampp\htdocs\DEV_PROJECT\ELEARNING\CODE\themes\basic\views\news\index.php(209): NewsController->widget()
#14 E:\Xampp\htdocs\DEV_PROJECT\ELEARNING\CODE\framework\web\CBaseController.php(127): require()
#15 E:\Xampp\htdocs\DEV_PROJECT\ELEARNING\CODE\framework\web\CBaseController.php(96): NewsController->renderInternal()
#16 E:\Xampp\htdocs\DEV_PROJECT\ELEARNING\CODE\framework\web\CController.php(870): NewsController->renderFile()
#17 E:\Xampp\htdocs\DEV_PROJECT\ELEARNING\CODE\framework\web\CController.php(783): NewsController->renderPartial()
#18 E:\Xampp\htdocs\DEV_PROJECT\ELEARNING\CODE\protected\controllers\NewsController.php(292): NewsController->render()
#19 E:\Xampp\htdocs\DEV_PROJECT\ELEARNING\CODE\framework\web\actions\CInlineAction.php(50): NewsController->actionIndex()
#20 E:\Xampp\htdocs\DEV_PROJECT\ELEARNING\CODE\framework\web\CController.php(309): CInlineAction->runWithParams()
#21 E:\Xampp\htdocs\DEV_PROJECT\ELEARNING\CODE\framework\web\filters\CFilterChain.php(134): NewsController->runAction()
#22 E:\Xampp\htdocs\DEV_PROJECT\ELEARNING\CODE\framework\web\filters\CFilter.php(41): CFilterChain->run()
#23 E:\Xampp\htdocs\DEV_PROJECT\ELEARNING\CODE\framework\web\CController.php(1146): CAccessControlFilter->filter()
#24 E:\Xampp\htdocs\DEV_PROJECT\ELEARNING\CODE\framework\web\filters\CInlineFilter.php(59): NewsController->filterAccessControl()
#25 E:\Xampp\htdocs\DEV_PROJECT\ELEARNING\CODE\framework\web\filters\CFilterChain.php(131): CInlineFilter->filter()
#26 E:\Xampp\htdocs\DEV_PROJECT\ELEARNING\CODE\framework\web\CController.php(292): CFilterChain->run()
#27 E:\Xampp\htdocs\DEV_PROJECT\ELEARNING\CODE\framework\web\CController.php(266): NewsController->runActionWithFilters()
#28 E:\Xampp\htdocs\DEV_PROJECT\ELEARNING\CODE\framework\web\CWebApplication.php(276): NewsController->run()
#29 E:\Xampp\htdocs\DEV_PROJECT\ELEARNING\CODE\framework\web\CWebApplication.php(135): CWebApplication->runController()
#30 E:\Xampp\htdocs\DEV_PROJECT\ELEARNING\CODE\framework\base\CApplication.php(162): CWebApplication->processRequest()
#31 E:\Xampp\htdocs\DEV_PROJECT\ELEARNING\CODE\index.php(17): CWebApplication->run()
REQUEST_URI=/DEV_PROJECT/ELEARNING/CODE/index.php?r=news/index
in E:\Xampp\htdocs\DEV_PROJECT\ELEARNING\CODE\protected\models\News.php (165)
in E:\Xampp\htdocs\DEV_PROJECT\ELEARNING\CODE\protected\models\News.php (290)
in E:\Xampp\htdocs\DEV_PROJECT\ELEARNING\CODE\themes\basic\views\news\index.php (209)
2012/06/21 12:24:09 [error] [php] Undefined variable: list_lang (E:\Xampp\htdocs\DEV_PROJECT\ELEARNING\CODE\themes\basic\views\languageSkill\create.php:31)
Stack trace:
#0 E:\Xampp\htdocs\DEV_PROJECT\ELEARNING\CODE\framework\web\CController.php(870): LanguageSkillController->renderFile()
#1 E:\Xampp\htdocs\DEV_PROJECT\ELEARNING\CODE\framework\web\CController.php(783): LanguageSkillController->renderPartial()
#2 E:\Xampp\htdocs\DEV_PROJECT\ELEARNING\CODE\protected\controllers\LanguageSkillController.php(138): LanguageSkillController->render()
#3 E:\Xampp\htdocs\DEV_PROJECT\ELEARNING\CODE\framework\web\actions\CInlineAction.php(50): LanguageSkillController->actionCreate()
#4 E:\Xampp\htdocs\DEV_PROJECT\ELEARNING\CODE\framework\web\CController.php(309): CInlineAction->runWithParams()
#5 E:\Xampp\htdocs\DEV_PROJECT\ELEARNING\CODE\framework\web\filters\CFilterChain.php(134): LanguageSkillController->runAction()
#6 E:\Xampp\htdocs\DEV_PROJECT\ELEARNING\CODE\framework\web\filters\CFilter.php(41): CFilterChain->run()
#7 E:\Xampp\htdocs\DEV_PROJECT\ELEARNING\CODE\framework\web\CController.php(1146): CAccessControlFilter->filter()
#8 E:\Xampp\htdocs\DEV_PROJECT\ELEARNING\CODE\framework\web\filters\CInlineFilter.php(59): LanguageSkillController->filterAccessControl()
#9 E:\Xampp\htdocs\DEV_PROJECT\ELEARNING\CODE\framework\web\filters\CFilterChain.php(131): CInlineFilter->filter()
#10 E:\Xampp\htdocs\DEV_PROJECT\ELEARNING\CODE\framework\web\CController.php(292): CFilterChain->run()
#11 E:\Xampp\htdocs\DEV_PROJECT\ELEARNING\CODE\framework\web\CController.php(266): LanguageSkillController->runActionWithFilters()
#12 E:\Xampp\htdocs\DEV_PROJECT\ELEARNING\CODE\framework\web\CWebApplication.php(276): LanguageSkillController->run()
#13 E:\Xampp\htdocs\DEV_PROJECT\ELEARNING\CODE\framework\web\CWebApplication.php(135): CWebApplication->runController()
#14 E:\Xampp\htdocs\DEV_PROJECT\ELEARNING\CODE\framework\base\CApplication.php(162): CWebApplication->processRequest()
#15 E:\Xampp\htdocs\DEV_PROJECT\ELEARNING\CODE\index.php(17): CWebApplication->run()
REQUEST_URI=/DEV_PROJECT/ELEARNING/CODE/index.php?r=languageSkill/create
in E:\Xampp\htdocs\DEV_PROJECT\ELEARNING\CODE\themes\basic\views\languageSkill\create.php (31)
in E:\Xampp\htdocs\DEV_PROJECT\ELEARNING\CODE\protected\controllers\LanguageSkillController.php (138)
in E:\Xampp\htdocs\DEV_PROJECT\ELEARNING\CODE\index.php (17)
2012/06/21 12:24:58 [error] [exception.CHttpException.400] exception 'CHttpException' with message 'Your request is invalid.' in E:\Xampp\htdocs\DEV_PROJECT\ELEARNING\CODE\framework\web\CController.php:337
Stack trace:
#0 E:\Xampp\htdocs\DEV_PROJECT\ELEARNING\CODE\framework\web\CController.php(310): CController->invalidActionParams(Object(CInlineAction))
#1 E:\Xampp\htdocs\DEV_PROJECT\ELEARNING\CODE\framework\web\filters\CFilterChain.php(134): CController->runAction(Object(CInlineAction))
#2 E:\Xampp\htdocs\DEV_PROJECT\ELEARNING\CODE\framework\web\filters\CFilter.php(41): CFilterChain->run()
#3 E:\Xampp\htdocs\DEV_PROJECT\ELEARNING\CODE\framework\web\CController.php(1146): CFilter->filter(Object(CFilterChain))
#4 E:\Xampp\htdocs\DEV_PROJECT\ELEARNING\CODE\framework\web\filters\CInlineFilter.php(59): CController->filterAccessControl(Object(CFilterChain))
#5 E:\Xampp\htdocs\DEV_PROJECT\ELEARNING\CODE\framework\web\filters\CFilterChain.php(131): CInlineFilter->filter(Object(CFilterChain))
#6 E:\Xampp\htdocs\DEV_PROJECT\ELEARNING\CODE\framework\web\CController.php(292): CFilterChain->run()
#7 E:\Xampp\htdocs\DEV_PROJECT\ELEARNING\CODE\framework\web\CController.php(266): CController->runActionWithFilters(Object(CInlineAction), Array)
#8 E:\Xampp\htdocs\DEV_PROJECT\ELEARNING\CODE\framework\web\CWebApplication.php(276): CController->run('create')
#9 E:\Xampp\htdocs\DEV_PROJECT\ELEARNING\CODE\framework\web\CWebApplication.php(135): CWebApplication->runController('markingUpSkill/...')
#10 E:\Xampp\htdocs\DEV_PROJECT\ELEARNING\CODE\framework\base\CApplication.php(162): CWebApplication->processRequest()
#11 E:\Xampp\htdocs\DEV_PROJECT\ELEARNING\CODE\index.php(17): CApplication->run()
#12 {main}
REQUEST_URI=/DEV_PROJECT/ELEARNING/CODE/index.php?r=markingUpSkill/create
---
2012/06/21 12:24:59 [error] [php] Trying to get property of non-object (E:\Xampp\htdocs\DEV_PROJECT\ELEARNING\CODE\protected\models\News.php:165)
Stack trace:
#0 E:\Xampp\htdocs\DEV_PROJECT\ELEARNING\CODE\protected\models\News.php(290): News->__get()
#1 E:\Xampp\htdocs\DEV_PROJECT\ELEARNING\CODE\framework\base\CComponent.php(607) : eval()'d code(1): News->__get()
#2 E:\Xampp\htdocs\DEV_PROJECT\ELEARNING\CODE\framework\base\CComponent.php(607): eval()
#3 E:\Xampp\htdocs\DEV_PROJECT\ELEARNING\CODE\framework\zii\widgets\grid\CDataColumn.php(139): CDataColumn->evaluateExpression()
#4 E:\Xampp\htdocs\DEV_PROJECT\ELEARNING\CODE\framework\zii\widgets\grid\CGridColumn.php(138): CDataColumn->renderDataCellContent()
#5 E:\Xampp\htdocs\DEV_PROJECT\ELEARNING\CODE\framework\zii\widgets\grid\CGridView.php(517): CDataColumn->renderDataCell()
#6 E:\Xampp\htdocs\DEV_PROJECT\ELEARNING\CODE\framework\zii\widgets\grid\CGridView.php(490): iPhoenixGridView->renderTableRow()
#7 E:\Xampp\htdocs\DEV_PROJECT\ELEARNING\CODE\framework\zii\widgets\grid\CGridView.php(400): iPhoenixGridView->renderTableBody()
#8 E:\Xampp\htdocs\DEV_PROJECT\ELEARNING\CODE\framework\zii\widgets\CBaseListView.php(158): iPhoenixGridView->renderItems()
#9 unknown(0): iPhoenixGridView->renderSection()
#10 E:\Xampp\htdocs\DEV_PROJECT\ELEARNING\CODE\framework\zii\widgets\CBaseListView.php(141): preg_replace_callback()
#11 E:\Xampp\htdocs\DEV_PROJECT\ELEARNING\CODE\framework\zii\widgets\CBaseListView.php(126): iPhoenixGridView->renderContent()
#12 E:\Xampp\htdocs\DEV_PROJECT\ELEARNING\CODE\framework\web\CBaseController.php(174): iPhoenixGridView->run()
#13 E:\Xampp\htdocs\DEV_PROJECT\ELEARNING\CODE\themes\basic\views\news\index.php(209): NewsController->widget()
#14 E:\Xampp\htdocs\DEV_PROJECT\ELEARNING\CODE\framework\web\CBaseController.php(127): require()
#15 E:\Xampp\htdocs\DEV_PROJECT\ELEARNING\CODE\framework\web\CBaseController.php(96): NewsController->renderInternal()
#16 E:\Xampp\htdocs\DEV_PROJECT\ELEARNING\CODE\framework\web\CController.php(870): NewsController->renderFile()
#17 E:\Xampp\htdocs\DEV_PROJECT\ELEARNING\CODE\framework\web\CController.php(783): NewsController->renderPartial()
#18 E:\Xampp\htdocs\DEV_PROJECT\ELEARNING\CODE\protected\controllers\NewsController.php(292): NewsController->render()
#19 E:\Xampp\htdocs\DEV_PROJECT\ELEARNING\CODE\framework\web\actions\CInlineAction.php(50): NewsController->actionIndex()
#20 E:\Xampp\htdocs\DEV_PROJECT\ELEARNING\CODE\framework\web\CController.php(309): CInlineAction->runWithParams()
#21 E:\Xampp\htdocs\DEV_PROJECT\ELEARNING\CODE\framework\web\filters\CFilterChain.php(134): NewsController->runAction()
#22 E:\Xampp\htdocs\DEV_PROJECT\ELEARNING\CODE\framework\web\filters\CFilter.php(41): CFilterChain->run()
#23 E:\Xampp\htdocs\DEV_PROJECT\ELEARNING\CODE\framework\web\CController.php(1146): CAccessControlFilter->filter()
#24 E:\Xampp\htdocs\DEV_PROJECT\ELEARNING\CODE\framework\web\filters\CInlineFilter.php(59): NewsController->filterAccessControl()
#25 E:\Xampp\htdocs\DEV_PROJECT\ELEARNING\CODE\framework\web\filters\CFilterChain.php(131): CInlineFilter->filter()
#26 E:\Xampp\htdocs\DEV_PROJECT\ELEARNING\CODE\framework\web\CController.php(292): CFilterChain->run()
#27 E:\Xampp\htdocs\DEV_PROJECT\ELEARNING\CODE\framework\web\CController.php(266): NewsController->runActionWithFilters()
#28 E:\Xampp\htdocs\DEV_PROJECT\ELEARNING\CODE\framework\web\CWebApplication.php(276): NewsController->run()
#29 E:\Xampp\htdocs\DEV_PROJECT\ELEARNING\CODE\framework\web\CWebApplication.php(135): CWebApplication->runController()
#30 E:\Xampp\htdocs\DEV_PROJECT\ELEARNING\CODE\framework\base\CApplication.php(162): CWebApplication->processRequest()
#31 E:\Xampp\htdocs\DEV_PROJECT\ELEARNING\CODE\index.php(17): CWebApplication->run()
REQUEST_URI=/DEV_PROJECT/ELEARNING/CODE/index.php?r=news/index
in E:\Xampp\htdocs\DEV_PROJECT\ELEARNING\CODE\protected\models\News.php (165)
in E:\Xampp\htdocs\DEV_PROJECT\ELEARNING\CODE\protected\models\News.php (290)
in E:\Xampp\htdocs\DEV_PROJECT\ELEARNING\CODE\themes\basic\views\news\index.php (209)
2012/06/21 12:25:09 [error] [php] Trying to get property of non-object (E:\Xampp\htdocs\DEV_PROJECT\ELEARNING\CODE\protected\models\News.php:165)
Stack trace:
#0 E:\Xampp\htdocs\DEV_PROJECT\ELEARNING\CODE\protected\models\News.php(290): News->__get()
#1 E:\Xampp\htdocs\DEV_PROJECT\ELEARNING\CODE\framework\base\CComponent.php(607) : eval()'d code(1): News->__get()
#2 E:\Xampp\htdocs\DEV_PROJECT\ELEARNING\CODE\framework\base\CComponent.php(607): eval()
#3 E:\Xampp\htdocs\DEV_PROJECT\ELEARNING\CODE\framework\zii\widgets\grid\CDataColumn.php(139): CDataColumn->evaluateExpression()
#4 E:\Xampp\htdocs\DEV_PROJECT\ELEARNING\CODE\framework\zii\widgets\grid\CGridColumn.php(138): CDataColumn->renderDataCellContent()
#5 E:\Xampp\htdocs\DEV_PROJECT\ELEARNING\CODE\framework\zii\widgets\grid\CGridView.php(517): CDataColumn->renderDataCell()
#6 E:\Xampp\htdocs\DEV_PROJECT\ELEARNING\CODE\framework\zii\widgets\grid\CGridView.php(490): iPhoenixGridView->renderTableRow()
#7 E:\Xampp\htdocs\DEV_PROJECT\ELEARNING\CODE\framework\zii\widgets\grid\CGridView.php(400): iPhoenixGridView->renderTableBody()
#8 E:\Xampp\htdocs\DEV_PROJECT\ELEARNING\CODE\framework\zii\widgets\CBaseListView.php(158): iPhoenixGridView->renderItems()
#9 unknown(0): iPhoenixGridView->renderSection()
#10 E:\Xampp\htdocs\DEV_PROJECT\ELEARNING\CODE\framework\zii\widgets\CBaseListView.php(141): preg_replace_callback()
#11 E:\Xampp\htdocs\DEV_PROJECT\ELEARNING\CODE\framework\zii\widgets\CBaseListView.php(126): iPhoenixGridView->renderContent()
#12 E:\Xampp\htdocs\DEV_PROJECT\ELEARNING\CODE\framework\web\CBaseController.php(174): iPhoenixGridView->run()
#13 E:\Xampp\htdocs\DEV_PROJECT\ELEARNING\CODE\themes\basic\views\news\index.php(209): NewsController->widget()
#14 E:\Xampp\htdocs\DEV_PROJECT\ELEARNING\CODE\framework\web\CBaseController.php(127): require()
#15 E:\Xampp\htdocs\DEV_PROJECT\ELEARNING\CODE\framework\web\CBaseController.php(96): NewsController->renderInternal()
#16 E:\Xampp\htdocs\DEV_PROJECT\ELEARNING\CODE\framework\web\CController.php(870): NewsController->renderFile()
#17 E:\Xampp\htdocs\DEV_PROJECT\ELEARNING\CODE\framework\web\CController.php(783): NewsController->renderPartial()
#18 E:\Xampp\htdocs\DEV_PROJECT\ELEARNING\CODE\protected\controllers\NewsController.php(292): NewsController->render()
#19 E:\Xampp\htdocs\DEV_PROJECT\ELEARNING\CODE\framework\web\actions\CInlineAction.php(50): NewsController->actionIndex()
#20 E:\Xampp\htdocs\DEV_PROJECT\ELEARNING\CODE\framework\web\CController.php(309): CInlineAction->runWithParams()
#21 E:\Xampp\htdocs\DEV_PROJECT\ELEARNING\CODE\framework\web\filters\CFilterChain.php(134): NewsController->runAction()
#22 E:\Xampp\htdocs\DEV_PROJECT\ELEARNING\CODE\framework\web\filters\CFilter.php(41): CFilterChain->run()
#23 E:\Xampp\htdocs\DEV_PROJECT\ELEARNING\CODE\framework\web\CController.php(1146): CAccessControlFilter->filter()
#24 E:\Xampp\htdocs\DEV_PROJECT\ELEARNING\CODE\framework\web\filters\CInlineFilter.php(59): NewsController->filterAccessControl()
#25 E:\Xampp\htdocs\DEV_PROJECT\ELEARNING\CODE\framework\web\filters\CFilterChain.php(131): CInlineFilter->filter()
#26 E:\Xampp\htdocs\DEV_PROJECT\ELEARNING\CODE\framework\web\CController.php(292): CFilterChain->run()
#27 E:\Xampp\htdocs\DEV_PROJECT\ELEARNING\CODE\framework\web\CController.php(266): NewsController->runActionWithFilters()
#28 E:\Xampp\htdocs\DEV_PROJECT\ELEARNING\CODE\framework\web\CWebApplication.php(276): NewsController->run()
#29 E:\Xampp\htdocs\DEV_PROJECT\ELEARNING\CODE\framework\web\CWebApplication.php(135): CWebApplication->runController()
#30 E:\Xampp\htdocs\DEV_PROJECT\ELEARNING\CODE\framework\base\CApplication.php(162): CWebApplication->processRequest()
#31 E:\Xampp\htdocs\DEV_PROJECT\ELEARNING\CODE\index.php(17): CWebApplication->run()
REQUEST_URI=/DEV_PROJECT/ELEARNING/CODE/index.php?r=news/index
in E:\Xampp\htdocs\DEV_PROJECT\ELEARNING\CODE\protected\models\News.php (165)
in E:\Xampp\htdocs\DEV_PROJECT\ELEARNING\CODE\protected\models\News.php (290)
in E:\Xampp\htdocs\DEV_PROJECT\ELEARNING\CODE\themes\basic\views\news\index.php (209)
